2025-01-21 14:28:05,596 DEBUG:Step 1: Reading contours...
2025-01-21 14:28:05,596 DEBUG:Reading DXF file: test.dxf
2025-01-21 14:28:06,968 DEBUG:  Found 3D POLYLINE in layer 'AUX_GP IAT' with 4 pts.
2025-01-21 14:28:06,969 DEBUG:  Found LWPOLYLINE in layer 'AUX_GP IAT' with elevation=89965.46038983425 and 4 pts.
2025-01-21 14:28:06,969 DEBUG:  Found 3D POLYLINE in layer 'AUX_GP IAT' with 4 pts.
2025-01-21 14:28:06,970 DEBUG:  Found 3D POLYLINE in layer 'AUX_DME ATE' with 399 pts.
2025-01-21 14:28:06,987 DEBUG:  Found 3D POLYLINE in layer 'AUX_VHF COM eccLEAL' with 994 pts.
2025-01-21 14:28:06,994 DEBUG:  Found 3D POLYLINE in layer 'AUX_VHF COM eccLEAL' with 386 pts.
2025-01-21 14:28:06,998 DEBUG:  Found 3D POLYLINE in layer 'AUX_ADS B LEAL' with 1317 pts.
2025-01-21 14:28:06,999 DEBUG:  Found 3D POLYLINE in layer 'AUX_ADS B LEAL' with 387 pts.
2025-01-21 14:28:07,001 DEBUG:  Found 3D POLYLINE in layer 'AUX_ ADS B RLEAC' with 1319 pts.
2025-01-21 14:28:07,002 DEBUG:  Found 3D POLYLINE in layer 'AUX_ ADS B RLEAC' with 399 pts.
2025-01-21 14:28:07,003 DEBUG:  Found 3D POLYLINE in layer 'AUX_RECNET LEAL' with 266 pts.
2025-01-21 14:28:07,023 DEBUG:  Found 3D POLYLINE in layer 'AUX_RECNET LEAL' with 1318 pts.
2025-01-21 14:28:07,023 DEBUG:  Found LWPOLYLINE in layer 'AUX_DME IAT' with elevation=35200.0 and 2 pts.
2025-01-21 14:28:07,024 DEBUG:  Found 3D POLYLINE in layer 'AUX_DME IAT' with 408 pts.
2025-01-21 14:28:07,025 DEBUG:  Found 3D POLYLINE in layer 'AUX_DME ATE' with 1318 pts.
2025-01-21 14:28:07,026 DEBUG:  Found 3D POLYLINE in layer 'AUX_GP IAT' with 4 pts.
2025-01-21 14:28:07,026 DEBUG:  Found 3D POLYLINE in layer 'AUX_DME ATE' with 399 pts.
2025-01-21 14:28:07,026 DEBUG:  Found 3D POLYLINE in layer 'AUX_GP IAT' with 4 pts.
2025-01-21 14:28:07,026 DEBUG:  Found LWPOLYLINE in layer 'AUX_GP IAT' with elevation=1044530.951953993 and 4 pts.
2025-01-21 14:28:07,027 DEBUG:  Found 3D POLYLINE in layer 'AUX_GP IAT' with 4 pts.
2025-01-21 14:28:07,027 DEBUG:  Found 3D POLYLINE in layer 'AUX_DME ATE' with 399 pts.
2025-01-21 14:28:07,029 DEBUG:  Found 3D POLYLINE in layer 'AUX_VHF COM eccLEAL' with 994 pts.
2025-01-21 14:28:07,030 DEBUG:  Found 3D POLYLINE in layer 'AUX_VHF COM eccLEAL' with 386 pts.
2025-01-21 14:28:07,032 DEBUG:  Found 3D POLYLINE in layer 'AUX_ADS B LEAL' with 1317 pts.
2025-01-21 14:28:07,032 DEBUG:  Found 3D POLYLINE in layer 'AUX_ADS B LEAL' with 387 pts.
2025-01-21 14:28:07,033 DEBUG:  Found 3D POLYLINE in layer 'AUX_ ADS B RLEAC' with 1319 pts.
2025-01-21 14:28:07,035 DEBUG:  Found 3D POLYLINE in layer 'AUX_ ADS B RLEAC' with 399 pts.
2025-01-21 14:28:07,035 DEBUG:  Found 3D POLYLINE in layer 'AUX_RECNET LEAL' with 266 pts.
2025-01-21 14:28:07,036 DEBUG:  Found 3D POLYLINE in layer 'AUX_RECNET LEAL' with 1318 pts.
2025-01-21 14:28:07,036 DEBUG:  Found LWPOLYLINE in layer 'AUX_DME IAT' with elevation=48200.0 and 2 pts.
2025-01-21 14:28:07,080 DEBUG:  Found 3D POLYLINE in layer 'AUX_DME IAT' with 408 pts.
2025-01-21 14:28:07,082 DEBUG:  Found 3D POLYLINE in layer 'AUX_DME ATE' with 1318 pts.
2025-01-21 14:28:07,083 DEBUG:  Found 3D POLYLINE in layer 'AUX_GP IAT' with 4 pts.
2025-01-21 14:28:07,083 DEBUG:  Found 3D POLYLINE in layer 'AUX_DME ATE' with 399 pts.
2025-01-21 14:28:07,084 DEBUG:Total layers in DXF: 7 => {'AUX_ ADS B RLEAC', 'AUX_DME ATE', 'AUX_RECNET LEAL', 'AUX_DME IAT', 'AUX_ADS B LEAL', 'AUX_VHF COM eccLEAL', 'AUX_GP IAT'}
2025-01-21 14:28:07,084 DEBUG:Total entities in DXF: 48
2025-01-21 14:28:07,084 DEBUG:Total valid contour layers: 7
2025-01-21 14:28:07,085 DEBUG:
Step 2: Generating 2D polygons from contours...
2025-01-21 14:28:07,112 DEBUG:
Step 3: Computing intersections...
2025-01-21 14:28:07,112 DEBUG:Computing intersections between layers...
2025-01-21 14:28:07,243 DEBUG:Total layer pairs to compute intersections: 20
2025-01-21 14:28:07,249 ERROR:Error computing intersection between 'AUX_GP IAT' and 'AUX_VHF COM eccLEAL': name 'MultiLineString' is not defined
2025-01-21 14:28:07,249 DEBUG:Computed intersection between 'AUX_GP IAT' and 'AUX_VHF COM eccLEAL': 0 lines.
2025-01-21 14:28:07,250 ERROR:Error computing intersection between 'AUX_GP IAT' and 'AUX_ADS B LEAL': name 'MultiLineString' is not defined
2025-01-21 14:28:07,250 DEBUG:Computed intersection between 'AUX_GP IAT' and 'AUX_ADS B LEAL': 0 lines.
2025-01-21 14:28:07,250 ERROR:Error computing intersection between 'AUX_GP IAT' and 'AUX_ ADS B RLEAC': name 'MultiLineString' is not defined
2025-01-21 14:28:07,250 ERROR:Error computing intersection between 'AUX_GP IAT' and 'AUX_RECNET LEAL': name 'MultiLineString' is not defined
2025-01-21 14:28:07,252 ERROR:Error computing intersection between 'AUX_GP IAT' and 'AUX_DME IAT': name 'MultiLineString' is not defined
2025-01-21 14:28:07,252 DEBUG:Computed intersection between 'AUX_GP IAT' and 'AUX_ ADS B RLEAC': 0 lines.
2025-01-21 14:28:07,253 DEBUG:Computed intersection between 'AUX_GP IAT' and 'AUX_RECNET LEAL': 0 lines.
2025-01-21 14:28:07,253 DEBUG:Computed intersection between 'AUX_GP IAT' and 'AUX_DME IAT': 0 lines.
2025-01-21 14:28:07,261 ERROR:Error computing intersection between 'AUX_GP IAT' and 'AUX_DME ATE': name 'MultiLineString' is not defined
2025-01-21 14:28:07,262 DEBUG:Computed intersection between 'AUX_GP IAT' and 'AUX_DME ATE': 0 lines.
2025-01-21 14:28:07,265 ERROR:Error computing intersection between 'AUX_DME ATE' and 'AUX_ADS B LEAL': name 'MultiLineString' is not defined
2025-01-21 14:28:07,266 DEBUG:Computed intersection between 'AUX_DME ATE' and 'AUX_ADS B LEAL': 0 lines.
2025-01-21 14:28:07,266 ERROR:Error computing intersection between 'AUX_DME ATE' and 'AUX_ ADS B RLEAC': name 'MultiLineString' is not defined
2025-01-21 14:28:07,267 DEBUG:Computed intersection between 'AUX_DME ATE' and 'AUX_ ADS B RLEAC': 0 lines.
2025-01-21 14:28:07,268 ERROR:Error computing intersection between 'AUX_DME ATE' and 'AUX_VHF COM eccLEAL': name 'MultiLineString' is not defined
2025-01-21 14:28:07,268 DEBUG:Computed intersection between 'AUX_DME ATE' and 'AUX_VHF COM eccLEAL': 0 lines.
2025-01-21 14:28:07,269 ERROR:Error computing intersection between 'AUX_VHF COM eccLEAL' and 'AUX_ADS B LEAL': name 'MultiLineString' is not defined
2025-01-21 14:28:07,269 DEBUG:Computed intersection between 'AUX_VHF COM eccLEAL' and 'AUX_ADS B LEAL': 0 lines.
2025-01-21 14:28:07,270 ERROR:Error computing intersection between 'AUX_VHF COM eccLEAL' and 'AUX_RECNET LEAL': name 'MultiLineString' is not defined
2025-01-21 14:28:07,270 DEBUG:Computed intersection between 'AUX_VHF COM eccLEAL' and 'AUX_RECNET LEAL': 0 lines.
2025-01-21 14:28:07,270 ERROR:Error computing intersection between 'AUX_VHF COM eccLEAL' and 'AUX_DME IAT': name 'MultiLineString' is not defined
2025-01-21 14:28:07,272 DEBUG:Computed intersection between 'AUX_VHF COM eccLEAL' and 'AUX_DME IAT': 0 lines.
2025-01-21 14:28:07,273 ERROR:Error computing intersection between 'AUX_ADS B LEAL' and 'AUX_ ADS B RLEAC': name 'MultiLineString' is not defined
2025-01-21 14:28:07,274 DEBUG:Computed intersection between 'AUX_ADS B LEAL' and 'AUX_ ADS B RLEAC': 0 lines.
2025-01-21 14:28:07,274 ERROR:Error computing intersection between 'AUX_ADS B LEAL' and 'AUX_RECNET LEAL': name 'MultiLineString' is not defined
2025-01-21 14:28:07,274 DEBUG:Computed intersection between 'AUX_ADS B LEAL' and 'AUX_RECNET LEAL': 0 lines.
2025-01-21 14:28:07,275 ERROR:Error computing intersection between 'AUX_ADS B LEAL' and 'AUX_DME IAT': name 'MultiLineString' is not defined
2025-01-21 14:28:07,275 DEBUG:Computed intersection between 'AUX_ADS B LEAL' and 'AUX_DME IAT': 0 lines.
2025-01-21 14:28:07,276 ERROR:Error computing intersection between 'AUX_ ADS B RLEAC' and 'AUX_RECNET LEAL': name 'MultiLineString' is not defined
2025-01-21 14:28:07,276 DEBUG:Computed intersection between 'AUX_ ADS B RLEAC' and 'AUX_RECNET LEAL': 0 lines.
2025-01-21 14:28:07,277 ERROR:Error computing intersection between 'AUX_ ADS B RLEAC' and 'AUX_DME IAT': name 'MultiLineString' is not defined
2025-01-21 14:28:07,277 ERROR:Error computing intersection between 'AUX_RECNET LEAL' and 'AUX_DME IAT': name 'MultiLineString' is not defined
2025-01-21 14:28:07,277 DEBUG:Computed intersection between 'AUX_ ADS B RLEAC' and 'AUX_DME IAT': 0 lines.
2025-01-21 14:28:07,278 DEBUG:Computed intersection between 'AUX_RECNET LEAL' and 'AUX_DME IAT': 0 lines.
2025-01-21 14:28:07,282 ERROR:Error computing intersection between 'AUX_DME ATE' and 'AUX_RECNET LEAL': name 'MultiLineString' is not defined
2025-01-21 14:28:07,282 DEBUG:Computed intersection between 'AUX_DME ATE' and 'AUX_RECNET LEAL': 0 lines.
2025-01-21 14:28:07,284 ERROR:Error computing intersection between 'AUX_VHF COM eccLEAL' and 'AUX_ ADS B RLEAC': name 'MultiLineString' is not defined
2025-01-21 14:28:07,285 DEBUG:Computed intersection between 'AUX_VHF COM eccLEAL' and 'AUX_ ADS B RLEAC': 0 lines.
2025-01-21 14:28:07,285 DEBUG:Total intersection lines found: 0
2025-01-21 14:28:07,287 WARNING:No merged polygons to export.
2025-01-21 14:28:07,287 DEBUG:
Alternative workflow complete.
2025-01-21 14:29:23,339 DEBUG:Step 1: Reading contours...
2025-01-21 14:29:23,339 DEBUG:Reading DXF file: test.dxf
2025-01-21 14:29:24,741 DEBUG:  Found 3D POLYLINE in layer 'AUX_GP IAT' with 4 pts.
2025-01-21 14:29:24,742 DEBUG:  Found LWPOLYLINE in layer 'AUX_GP IAT' with elevation=89965.46038983425 and 4 pts.
2025-01-21 14:29:24,742 DEBUG:  Found 3D POLYLINE in layer 'AUX_GP IAT' with 4 pts.
2025-01-21 14:29:24,742 DEBUG:  Found 3D POLYLINE in layer 'AUX_DME ATE' with 399 pts.
2025-01-21 14:29:24,759 DEBUG:  Found 3D POLYLINE in layer 'AUX_VHF COM eccLEAL' with 994 pts.
2025-01-21 14:29:24,760 DEBUG:  Found 3D POLYLINE in layer 'AUX_VHF COM eccLEAL' with 386 pts.
2025-01-21 14:29:24,762 DEBUG:  Found 3D POLYLINE in layer 'AUX_ADS B LEAL' with 1317 pts.
2025-01-21 14:29:24,762 DEBUG:  Found 3D POLYLINE in layer 'AUX_ADS B LEAL' with 387 pts.
2025-01-21 14:29:24,763 DEBUG:  Found 3D POLYLINE in layer 'AUX_ ADS B RLEAC' with 1319 pts.
2025-01-21 14:29:24,764 DEBUG:  Found 3D POLYLINE in layer 'AUX_ ADS B RLEAC' with 399 pts.
2025-01-21 14:29:24,764 DEBUG:  Found 3D POLYLINE in layer 'AUX_RECNET LEAL' with 266 pts.
2025-01-21 14:29:24,783 DEBUG:  Found 3D POLYLINE in layer 'AUX_RECNET LEAL' with 1318 pts.
2025-01-21 14:29:24,783 DEBUG:  Found LWPOLYLINE in layer 'AUX_DME IAT' with elevation=35200.0 and 2 pts.
2025-01-21 14:29:24,783 DEBUG:  Found 3D POLYLINE in layer 'AUX_DME IAT' with 408 pts.
2025-01-21 14:29:24,784 DEBUG:  Found 3D POLYLINE in layer 'AUX_DME ATE' with 1318 pts.
2025-01-21 14:29:24,785 DEBUG:  Found 3D POLYLINE in layer 'AUX_GP IAT' with 4 pts.
2025-01-21 14:29:24,785 DEBUG:  Found 3D POLYLINE in layer 'AUX_DME ATE' with 399 pts.
2025-01-21 14:29:24,786 DEBUG:  Found 3D POLYLINE in layer 'AUX_GP IAT' with 4 pts.
2025-01-21 14:29:24,786 DEBUG:  Found LWPOLYLINE in layer 'AUX_GP IAT' with elevation=1044530.951953993 and 4 pts.
2025-01-21 14:29:24,786 DEBUG:  Found 3D POLYLINE in layer 'AUX_GP IAT' with 4 pts.
2025-01-21 14:29:24,787 DEBUG:  Found 3D POLYLINE in layer 'AUX_DME ATE' with 399 pts.
2025-01-21 14:29:24,788 DEBUG:  Found 3D POLYLINE in layer 'AUX_VHF COM eccLEAL' with 994 pts.
2025-01-21 14:29:24,789 DEBUG:  Found 3D POLYLINE in layer 'AUX_VHF COM eccLEAL' with 386 pts.
2025-01-21 14:29:24,792 DEBUG:  Found 3D POLYLINE in layer 'AUX_ADS B LEAL' with 1317 pts.
2025-01-21 14:29:24,794 DEBUG:  Found 3D POLYLINE in layer 'AUX_ADS B LEAL' with 387 pts.
2025-01-21 14:29:24,795 DEBUG:  Found 3D POLYLINE in layer 'AUX_ ADS B RLEAC' with 1319 pts.
2025-01-21 14:29:24,796 DEBUG:  Found 3D POLYLINE in layer 'AUX_ ADS B RLEAC' with 399 pts.
2025-01-21 14:29:24,796 DEBUG:  Found 3D POLYLINE in layer 'AUX_RECNET LEAL' with 266 pts.
2025-01-21 14:29:24,797 DEBUG:  Found 3D POLYLINE in layer 'AUX_RECNET LEAL' with 1318 pts.
2025-01-21 14:29:24,798 DEBUG:  Found LWPOLYLINE in layer 'AUX_DME IAT' with elevation=48200.0 and 2 pts.
2025-01-21 14:29:24,845 DEBUG:  Found 3D POLYLINE in layer 'AUX_DME IAT' with 408 pts.
2025-01-21 14:29:24,847 DEBUG:  Found 3D POLYLINE in layer 'AUX_DME ATE' with 1318 pts.
2025-01-21 14:29:24,847 DEBUG:  Found 3D POLYLINE in layer 'AUX_GP IAT' with 4 pts.
2025-01-21 14:29:24,848 DEBUG:  Found 3D POLYLINE in layer 'AUX_DME ATE' with 399 pts.
2025-01-21 14:29:24,848 DEBUG:Total layers in DXF: 7 => {'AUX_GP IAT', 'AUX_ADS B LEAL', 'AUX_ ADS B RLEAC', 'AUX_DME IAT', 'AUX_RECNET LEAL', 'AUX_DME ATE', 'AUX_VHF COM eccLEAL'}
2025-01-21 14:29:24,849 DEBUG:Total entities in DXF: 48
2025-01-21 14:29:24,849 DEBUG:Total valid contour layers: 7
2025-01-21 14:29:24,849 DEBUG:
Step 2: Generating 2D polygons from contours...
2025-01-21 14:29:24,870 DEBUG:
Step 3: Computing intersections...
2025-01-21 14:29:24,871 DEBUG:Computing intersections between layers...
2025-01-21 14:29:24,990 DEBUG:Total layer pairs to compute intersections: 20
2025-01-21 14:29:24,997 DEBUG:Computed intersection between 'AUX_GP IAT' and 'AUX_VHF COM eccLEAL': 0 lines.
2025-01-21 14:29:24,998 DEBUG:Computed intersection between 'AUX_GP IAT' and 'AUX_ADS B LEAL': 0 lines.
2025-01-21 14:29:24,998 DEBUG:Computed intersection between 'AUX_GP IAT' and 'AUX_ ADS B RLEAC': 0 lines.
2025-01-21 14:29:24,999 DEBUG:Computed intersection between 'AUX_GP IAT' and 'AUX_RECNET LEAL': 0 lines.
2025-01-21 14:29:25,000 DEBUG:Computed intersection between 'AUX_GP IAT' and 'AUX_DME IAT': 0 lines.
2025-01-21 14:29:25,014 DEBUG:Computed intersection between 'AUX_GP IAT' and 'AUX_DME ATE': 0 lines.
2025-01-21 14:29:25,019 DEBUG:Computed intersection between 'AUX_DME ATE' and 'AUX_VHF COM eccLEAL': 0 lines.
2025-01-21 14:29:25,020 DEBUG:Computed intersection between 'AUX_DME ATE' and 'AUX_ADS B LEAL': 0 lines.
2025-01-21 14:29:25,024 DEBUG:Computed intersection between 'AUX_DME ATE' and 'AUX_ ADS B RLEAC': 0 lines.
2025-01-21 14:29:25,026 DEBUG:Computed intersection between 'AUX_VHF COM eccLEAL' and 'AUX_ADS B LEAL': 0 lines.
2025-01-21 14:29:25,029 DEBUG:Computed intersection between 'AUX_VHF COM eccLEAL' and 'AUX_DME IAT': 0 lines.
2025-01-21 14:29:25,030 DEBUG:Computed intersection between 'AUX_VHF COM eccLEAL' and 'AUX_RECNET LEAL': 0 lines.
2025-01-21 14:29:25,032 DEBUG:Computed intersection between 'AUX_ADS B LEAL' and 'AUX_ ADS B RLEAC': 0 lines.
2025-01-21 14:29:25,034 DEBUG:Computed intersection between 'AUX_ADS B LEAL' and 'AUX_RECNET LEAL': 0 lines.
2025-01-21 14:29:25,035 DEBUG:Computed intersection between 'AUX_ADS B LEAL' and 'AUX_DME IAT': 0 lines.
2025-01-21 14:29:25,036 DEBUG:Computed intersection between 'AUX_ ADS B RLEAC' and 'AUX_RECNET LEAL': 0 lines.
2025-01-21 14:29:25,037 DEBUG:Computed intersection between 'AUX_ ADS B RLEAC' and 'AUX_DME IAT': 0 lines.
2025-01-21 14:29:25,038 DEBUG:Computed intersection between 'AUX_RECNET LEAL' and 'AUX_DME IAT': 0 lines.
2025-01-21 14:29:25,040 DEBUG:Computed intersection between 'AUX_DME ATE' and 'AUX_RECNET LEAL': 0 lines.
2025-01-21 14:29:25,051 DEBUG:Computed intersection between 'AUX_VHF COM eccLEAL' and 'AUX_ ADS B RLEAC': 0 lines.
2025-01-21 14:29:25,051 DEBUG:Total intersection lines found: 0
2025-01-21 14:29:25,052 WARNING:No merged polygons to export.
2025-01-21 14:29:25,052 DEBUG:
Alternative workflow complete.
